[29-Apr-2016 18:13:56 UTC] PHP Parse error:  syntax error, unexpected ';', expecting ']' in /home/ubuntu/workspace/FEUCR/soft/src/Controller/AmountsController.php on line 51
[29-Apr-2016 18:13:56 UTC] PHP Stack trace:
[29-Apr-2016 18:13:56 UTC] PHP   1. {main}() /home/ubuntu/workspace/FEUCR/soft/webroot/index.php:0
[29-Apr-2016 18:13:56 UTC] PHP   2. Cake\Routing\Dispatcher->dispatch() /home/ubuntu/workspace/FEUCR/soft/webroot/index.php:37
[29-Apr-2016 18:13:56 UTC] PHP   3. Cake\Routing\Dispatcher->dispatchEvent() /home/ubuntu/workspace/FEUCR/soft/vendor/cakephp/cakephp/src/Routing/Dispatcher.php:62
[29-Apr-2016 18:13:56 UTC] PHP   4. Cake\Event\EventManager->dispatch() /home/ubuntu/workspace/FEUCR/soft/vendor/cakephp/cakephp/src/Event/EventDispatcherTrait.php:78
[29-Apr-2016 18:13:56 UTC] PHP   5. Cake\Event\EventManager->_callListener() /home/ubuntu/workspace/FEUCR/soft/vendor/cakephp/cakephp/src/Event/EventManager.php:356
[29-Apr-2016 18:13:56 UTC] PHP   6. Cake\Routing\DispatcherFilter->handle() /home/ubuntu/workspace/FEUCR/soft/vendor/cakephp/cakephp/src/Event/EventManager.php:390
[29-Apr-2016 18:13:56 UTC] PHP   7. Cake\Routing\Filter\ControllerFactoryFilter->beforeDispatch() /home/ubuntu/workspace/FEUCR/soft/vendor/cakephp/cakephp/src/Routing/DispatcherFilter.php:145
[29-Apr-2016 18:13:56 UTC] PHP   8. Cake\Routing\Filter\ControllerFactoryFilter->_getController() /home/ubuntu/workspace/FEUCR/soft/vendor/cakephp/cakephp/src/Routing/Filter/ControllerFactoryFilter.php:51
[29-Apr-2016 18:13:56 UTC] PHP   9. Cake\Core\App::className() /home/ubuntu/workspace/FEUCR/soft/vendor/cakephp/cakephp/src/Routing/Filter/ControllerFactoryFilter.php:91
[29-Apr-2016 18:13:56 UTC] PHP  10. Cake\Core\App::_classExistsInBase() /home/ubuntu/workspace/FEUCR/soft/vendor/cakephp/cakephp/src/Core/App.php:64
[29-Apr-2016 18:13:56 UTC] PHP  11. class_exists() /home/ubuntu/workspace/FEUCR/soft/vendor/cakephp/cakephp/src/Core/App.php:151
[29-Apr-2016 18:13:56 UTC] PHP  12. spl_autoload_call() /home/ubuntu/workspace/FEUCR/soft/vendor/cakephp/cakephp/src/Core/App.php:151
[29-Apr-2016 18:13:56 UTC] PHP  13. Composer\Autoload\ClassLoader->loadClass() /home/ubuntu/workspace/FEUCR/soft/vendor/cakephp/cakephp/src/Core/App.php:151
[29-Apr-2016 18:13:56 UTC] PHP  14. Composer\Autoload\includeFile() /home/ubuntu/workspace/FEUCR/soft/vendor/composer/ClassLoader.php:301
[29-Apr-2016 19:53:11 UTC] PHP Fatal error:  Call to a member function toArray() on a non-object in /home/ubuntu/workspace/FEUCR/soft/src/Controller/AssociationsController.php on line 166
[29-Apr-2016 19:53:11 UTC] PHP Stack trace:
[29-Apr-2016 19:53:11 UTC] PHP   1. {main}() /home/ubuntu/workspace/FEUCR/soft/webroot/index.php:0
[29-Apr-2016 19:53:11 UTC] PHP   2. Cake\Routing\Dispatcher->dispatch() /home/ubuntu/workspace/FEUCR/soft/webroot/index.php:37
[29-Apr-2016 19:53:11 UTC] PHP   3. Cake\Routing\Dispatcher->_invoke() /home/ubuntu/workspace/FEUCR/soft/vendor/cakephp/cakephp/src/Routing/Dispatcher.php:87
[29-Apr-2016 19:53:11 UTC] PHP   4. Cake\Controller\Controller->invokeAction() /home/ubuntu/workspace/FEUCR/soft/vendor/cakephp/cakephp/src/Routing/Dispatcher.php:114
[29-Apr-2016 19:53:11 UTC] PHP   5. call_user_func_array:{/home/ubuntu/workspace/FEUCR/soft/vendor/cakephp/cakephp/src/Controller/Controller.php:429}() /home/ubuntu/workspace/FEUCR/soft/vendor/cakephp/cakephp/src/Controller/Controller.php:429
[29-Apr-2016 19:53:11 UTC] PHP   6. App\Controller\AssociationsController->add() /home/ubuntu/workspace/FEUCR/soft/vendor/cakephp/cakephp/src/Controller/Controller.php:429
[29-Apr-2016 19:54:58 UTC] PHP Fatal error:  Call to a member function toArray() on a non-object in /home/ubuntu/workspace/FEUCR/soft/src/Controller/AssociationsController.php on line 166
[29-Apr-2016 19:54:58 UTC] PHP Stack trace:
[29-Apr-2016 19:54:58 UTC] PHP   1. {main}() /home/ubuntu/workspace/FEUCR/soft/webroot/index.php:0
[29-Apr-2016 19:54:58 UTC] PHP   2. Cake\Routing\Dispatcher->dispatch() /home/ubuntu/workspace/FEUCR/soft/webroot/index.php:37
[29-Apr-2016 19:54:58 UTC] PHP   3. Cake\Routing\Dispatcher->_invoke() /home/ubuntu/workspace/FEUCR/soft/vendor/cakephp/cakephp/src/Routing/Dispatcher.php:87
[29-Apr-2016 19:54:58 UTC] PHP   4. Cake\Controller\Controller->invokeAction() /home/ubuntu/workspace/FEUCR/soft/vendor/cakephp/cakephp/src/Routing/Dispatcher.php:114
[29-Apr-2016 19:54:58 UTC] PHP   5. call_user_func_array:{/home/ubuntu/workspace/FEUCR/soft/vendor/cakephp/cakephp/src/Controller/Controller.php:429}() /home/ubuntu/workspace/FEUCR/soft/vendor/cakephp/cakephp/src/Controller/Controller.php:429
[29-Apr-2016 19:54:58 UTC] PHP   6. App\Controller\AssociationsController->add() /home/ubuntu/workspace/FEUCR/soft/vendor/cakephp/cakephp/src/Controller/Controller.php:429
[29-Apr-2016 19:58:40 UTC] PHP Fatal error:  Call to a member function toArray() on a non-object in /home/ubuntu/workspace/FEUCR/soft/src/Controller/AssociationsController.php on line 166
[29-Apr-2016 19:58:40 UTC] PHP Stack trace:
[29-Apr-2016 19:58:40 UTC] PHP   1. {main}() /home/ubuntu/workspace/FEUCR/soft/webroot/index.php:0
[29-Apr-2016 19:58:40 UTC] PHP   2. Cake\Routing\Dispatcher->dispatch() /home/ubuntu/workspace/FEUCR/soft/webroot/index.php:37
[29-Apr-2016 19:58:40 UTC] PHP   3. Cake\Routing\Dispatcher->_invoke() /home/ubuntu/workspace/FEUCR/soft/vendor/cakephp/cakephp/src/Routing/Dispatcher.php:87
[29-Apr-2016 19:58:40 UTC] PHP   4. Cake\Controller\Controller->invokeAction() /home/ubuntu/workspace/FEUCR/soft/vendor/cakephp/cakephp/src/Routing/Dispatcher.php:114
[29-Apr-2016 19:58:40 UTC] PHP   5. call_user_func_array:{/home/ubuntu/workspace/FEUCR/soft/vendor/cakephp/cakephp/src/Controller/Controller.php:429}() /home/ubuntu/workspace/FEUCR/soft/vendor/cakephp/cakephp/src/Controller/Controller.php:429
[29-Apr-2016 19:58:40 UTC] PHP   6. App\Controller\AssociationsController->add() /home/ubuntu/workspace/FEUCR/soft/vendor/cakephp/cakephp/src/Controller/Controller.php:429
[29-Apr-2016 20:03:57 UTC] PHP Fatal error:  Call to a member function toArray() on a non-object in /home/ubuntu/workspace/FEUCR/soft/src/Controller/AssociationsController.php on line 166
[29-Apr-2016 20:03:57 UTC] PHP Stack trace:
[29-Apr-2016 20:03:57 UTC] PHP   1. {main}() /home/ubuntu/workspace/FEUCR/soft/webroot/index.php:0
[29-Apr-2016 20:03:57 UTC] PHP   2. Cake\Routing\Dispatcher->dispatch() /home/ubuntu/workspace/FEUCR/soft/webroot/index.php:37
[29-Apr-2016 20:03:57 UTC] PHP   3. Cake\Routing\Dispatcher->_invoke() /home/ubuntu/workspace/FEUCR/soft/vendor/cakephp/cakephp/src/Routing/Dispatcher.php:87
[29-Apr-2016 20:03:57 UTC] PHP   4. Cake\Controller\Controller->invokeAction() /home/ubuntu/workspace/FEUCR/soft/vendor/cakephp/cakephp/src/Routing/Dispatcher.php:114
[29-Apr-2016 20:03:57 UTC] PHP   5. call_user_func_array:{/home/ubuntu/workspace/FEUCR/soft/vendor/cakephp/cakephp/src/Controller/Controller.php:429}() /home/ubuntu/workspace/FEUCR/soft/vendor/cakephp/cakephp/src/Controller/Controller.php:429
[29-Apr-2016 20:03:57 UTC] PHP   6. App\Controller\AssociationsController->add() /home/ubuntu/workspace/FEUCR/soft/vendor/cakephp/cakephp/src/Controller/Controller.php:429
[24-May-2016 17:37:36 UTC] PHP Fatal error:  Call to undefined function 2016-05-24() in /home/ubuntu/workspace/FEUCR/soft/src/Controller/AmountsController.php on line 179
[24-May-2016 17:37:36 UTC] PHP Stack trace:
[24-May-2016 17:37:36 UTC] PHP   1. {main}() /home/ubuntu/workspace/FEUCR/soft/webroot/index.php:0
[24-May-2016 17:37:36 UTC] PHP   2. Cake\Routing\Dispatcher->dispatch() /home/ubuntu/workspace/FEUCR/soft/webroot/index.php:37
[24-May-2016 17:37:36 UTC] PHP   3. Cake\Routing\Dispatcher->_invoke() /home/ubuntu/workspace/FEUCR/soft/vendor/cakephp/cakephp/src/Routing/Dispatcher.php:87
[24-May-2016 17:37:36 UTC] PHP   4. Cake\Controller\Controller->invokeAction() /home/ubuntu/workspace/FEUCR/soft/vendor/cakephp/cakephp/src/Routing/Dispatcher.php:114
[24-May-2016 17:37:36 UTC] PHP   5. call_user_func_array:{/home/ubuntu/workspace/FEUCR/soft/vendor/cakephp/cakephp/src/Controller/Controller.php:429}() /home/ubuntu/workspace/FEUCR/soft/vendor/cakephp/cakephp/src/Controller/Controller.php:429
[24-May-2016 17:37:36 UTC] PHP   6. App\Controller\AmountsController->getTractId() /home/ubuntu/workspace/FEUCR/soft/vendor/cakephp/cakephp/src/Controller/Controller.php:429
[24-May-2016 17:38:40 UTC] PHP Fatal error:  Function name must be a string in /home/ubuntu/workspace/FEUCR/soft/src/Controller/AmountsController.php on line 179
[24-May-2016 17:38:40 UTC] PHP Stack trace:
[24-May-2016 17:38:40 UTC] PHP   1. {main}() /home/ubuntu/workspace/FEUCR/soft/webroot/index.php:0
[24-May-2016 17:38:40 UTC] PHP   2. Cake\Routing\Dispatcher->dispatch() /home/ubuntu/workspace/FEUCR/soft/webroot/index.php:37
[24-May-2016 17:38:40 UTC] PHP   3. Cake\Routing\Dispatcher->_invoke() /home/ubuntu/workspace/FEUCR/soft/vendor/cakephp/cakephp/src/Routing/Dispatcher.php:87
[24-May-2016 17:38:40 UTC] PHP   4. Cake\Controller\Controller->invokeAction() /home/ubuntu/workspace/FEUCR/soft/vendor/cakephp/cakephp/src/Routing/Dispatcher.php:114
[24-May-2016 17:38:40 UTC] PHP   5. call_user_func_array:{/home/ubuntu/workspace/FEUCR/soft/vendor/cakephp/cakephp/src/Controller/Controller.php:429}() /home/ubuntu/workspace/FEUCR/soft/vendor/cakephp/cakephp/src/Controller/Controller.php:429
[24-May-2016 17:38:40 UTC] PHP   6. App\Controller\AmountsController->getTractId() /home/ubuntu/workspace/FEUCR/soft/vendor/cakephp/cakephp/src/Controller/Controller.php:429
[24-May-2016 18:38:24 UTC] PHP Parse error:  syntax error, unexpected '<' in /home/ubuntu/workspace/FEUCR/soft/src/Template/Amounts/create_initial_amounts.ctp on line 83
[24-May-2016 18:38:24 UTC] PHP Stack trace:
[24-May-2016 18:38:24 UTC] PHP   1. {main}() /home/ubuntu/workspace/FEUCR/soft/webroot/index.php:0
[24-May-2016 18:38:24 UTC] PHP   2. Cake\Routing\Dispatcher->dispatch() /home/ubuntu/workspace/FEUCR/soft/webroot/index.php:37
[24-May-2016 18:38:24 UTC] PHP   3. Cake\Routing\Dispatcher->_invoke() /home/ubuntu/workspace/FEUCR/soft/vendor/cakephp/cakephp/src/Routing/Dispatcher.php:87
[24-May-2016 18:38:24 UTC] PHP   4. Cake\Controller\Controller->render() /home/ubuntu/workspace/FEUCR/soft/vendor/cakephp/cakephp/src/Routing/Dispatcher.php:120
[24-May-2016 18:38:24 UTC] PHP   5. Cake\View\View->render() /home/ubuntu/workspace/FEUCR/soft/vendor/cakephp/cakephp/src/Controller/Controller.php:611
[24-May-2016 18:38:24 UTC] PHP   6. Cake\View\View->_render() /home/ubuntu/workspace/FEUCR/soft/vendor/cakephp/cakephp/src/View/View.php:587
[24-May-2016 18:38:24 UTC] PHP   7. Cake\View\View->_evaluate() /home/ubuntu/workspace/FEUCR/soft/vendor/cakephp/cakephp/src/View/View.php:952
[24-May-2016 18:56:50 UTC] PHP Fatal error:  Cannot redeclare App\Controller\AmountsController::add() in /home/ubuntu/workspace/FEUCR/soft/src/Controller/InitialAmountsController.php on line 19
[24-May-2016 18:56:50 UTC] PHP Stack trace:
[24-May-2016 18:56:50 UTC] PHP   1. {main}() /home/ubuntu/workspace/FEUCR/soft/webroot/index.php:0
[24-May-2016 18:56:50 UTC] PHP   2. Cake\Routing\Dispatcher->dispatch() /home/ubuntu/workspace/FEUCR/soft/webroot/index.php:37
[24-May-2016 18:56:50 UTC] PHP   3. Cake\Routing\Dispatcher->dispatchEvent() /home/ubuntu/workspace/FEUCR/soft/vendor/cakephp/cakephp/src/Routing/Dispatcher.php:62
[24-May-2016 18:56:50 UTC] PHP   4. Cake\Event\EventManager->dispatch() /home/ubuntu/workspace/FEUCR/soft/vendor/cakephp/cakephp/src/Event/EventDispatcherTrait.php:78
[24-May-2016 18:56:50 UTC] PHP   5. Cake\Event\EventManager->_callListener() /home/ubuntu/workspace/FEUCR/soft/vendor/cakephp/cakephp/src/Event/EventManager.php:356
[24-May-2016 18:56:50 UTC] PHP   6. Cake\Routing\DispatcherFilter->handle() /home/ubuntu/workspace/FEUCR/soft/vendor/cakephp/cakephp/src/Event/EventManager.php:390
[24-May-2016 18:56:50 UTC] PHP   7. Cake\Routing\Filter\ControllerFactoryFilter->beforeDispatch() /home/ubuntu/workspace/FEUCR/soft/vendor/cakephp/cakephp/src/Routing/DispatcherFilter.php:145
[24-May-2016 18:56:50 UTC] PHP   8. Cake\Routing\Filter\ControllerFactoryFilter->_getController() /home/ubuntu/workspace/FEUCR/soft/vendor/cakephp/cakephp/src/Routing/Filter/ControllerFactoryFilter.php:51
[24-May-2016 18:56:50 UTC] PHP   9. Cake\Core\App::className() /home/ubuntu/workspace/FEUCR/soft/vendor/cakephp/cakephp/src/Routing/Filter/ControllerFactoryFilter.php:91
[24-May-2016 18:56:50 UTC] PHP  10. Cake\Core\App::_classExistsInBase() /home/ubuntu/workspace/FEUCR/soft/vendor/cakephp/cakephp/src/Core/App.php:64
[24-May-2016 18:56:50 UTC] PHP  11. class_exists() /home/ubuntu/workspace/FEUCR/soft/vendor/cakephp/cakephp/src/Core/App.php:151
[24-May-2016 18:56:50 UTC] PHP  12. spl_autoload_call() /home/ubuntu/workspace/FEUCR/soft/vendor/cakephp/cakephp/src/Core/App.php:151
[24-May-2016 18:56:50 UTC] PHP  13. Composer\Autoload\ClassLoader->loadClass() /home/ubuntu/workspace/FEUCR/soft/vendor/cakephp/cakephp/src/Core/App.php:151
[24-May-2016 18:56:50 UTC] PHP  14. Composer\Autoload\includeFile() /home/ubuntu/workspace/FEUCR/soft/vendor/composer/ClassLoader.php:301
[31-May-2016 20:48:29 UTC] PHP Fatal error:  Class 'App\Model\Table\Time' not found in /home/ubuntu/workspace/FEUCR/soft/src/Model/Table/InitialAmountsTable.php on line 20
[31-May-2016 20:48:29 UTC] PHP Stack trace:
[31-May-2016 20:48:29 UTC] PHP   1. {main}() /home/ubuntu/workspace/FEUCR/soft/webroot/index.php:0
[31-May-2016 20:48:29 UTC] PHP   2. Cake\Routing\Dispatcher->dispatch() /home/ubuntu/workspace/FEUCR/soft/webroot/index.php:37
[31-May-2016 20:48:29 UTC] PHP   3. Cake\Routing\Dispatcher->_invoke() /home/ubuntu/workspace/FEUCR/soft/vendor/cakephp/cakephp/src/Routing/Dispatcher.php:87
[31-May-2016 20:48:29 UTC] PHP   4. Cake\Controller\Controller->invokeAction() /home/ubuntu/workspace/FEUCR/soft/vendor/cakephp/cakephp/src/Routing/Dispatcher.php:114
[31-May-2016 20:48:29 UTC] PHP   5. call_user_func_array:{/home/ubuntu/workspace/FEUCR/soft/vendor/cakephp/cakephp/src/Controller/Controller.php:429}() /home/ubuntu/workspace/FEUCR/soft/vendor/cakephp/cakephp/src/Controller/Controller.php:429
[31-May-2016 20:48:29 UTC] PHP   6. App\Controller\InitialAmountsController->add() /home/ubuntu/workspace/FEUCR/soft/vendor/cakephp/cakephp/src/Controller/Controller.php:429
[31-May-2016 20:48:29 UTC] PHP   7. App\Controller\InitialAmountsController->createInitialAmount() /home/ubuntu/workspace/FEUCR/soft/src/Controller/InitialAmountsController.php:52
[31-May-2016 20:48:29 UTC] PHP   8. Cake\ORM\Table->newEntity() /home/ubuntu/workspace/FEUCR/soft/src/Controller/InitialAmountsController.php:90
[31-May-2016 20:48:29 UTC] PHP   9. Cake\ORM\Marshaller->one() /home/ubuntu/workspace/FEUCR/soft/vendor/cakephp/cakephp/src/ORM/Table.php:1996
[31-May-2016 20:48:29 UTC] PHP  10. Cake\ORM\Marshaller->_prepareDataAndOptions() /home/ubuntu/workspace/FEUCR/soft/vendor/cakephp/cakephp/src/ORM/Marshaller.php:112
[31-May-2016 20:48:29 UTC] PHP  11. Cake\ORM\Table->dispatchEvent() /home/ubuntu/workspace/FEUCR/soft/vendor/cakephp/cakephp/src/ORM/Marshaller.php:214
[31-May-2016 20:48:29 UTC] PHP  12. Cake\Event\EventManager->dispatch() /home/ubuntu/workspace/FEUCR/soft/vendor/cakephp/cakephp/src/Event/EventDispatcherTrait.php:78
[31-May-2016 20:48:29 UTC] PHP  13. Cake\Event\EventManager->_callListener() /home/ubuntu/workspace/FEUCR/soft/vendor/cakephp/cakephp/src/Event/EventManager.php:356
[31-May-2016 20:48:29 UTC] PHP  14. App\Model\Table\InitialAmountsTable->beforeMarshal() /home/ubuntu/workspace/FEUCR/soft/vendor/cakephp/cakephp/src/Event/EventManager.php:390
[31-May-2016 20:49:24 UTC] PHP Fatal error:  Class 'App\Model\Table\Time' not found in /home/ubuntu/workspace/FEUCR/soft/src/Model/Table/InitialAmountsTable.php on line 20
[31-May-2016 20:49:24 UTC] PHP Stack trace:
[31-May-2016 20:49:24 UTC] PHP   1. {main}() /home/ubuntu/workspace/FEUCR/soft/webroot/index.php:0
[31-May-2016 20:49:24 UTC] PHP   2. Cake\Routing\Dispatcher->dispatch() /home/ubuntu/workspace/FEUCR/soft/webroot/index.php:37
[31-May-2016 20:49:24 UTC] PHP   3. Cake\Routing\Dispatcher->_invoke() /home/ubuntu/workspace/FEUCR/soft/vendor/cakephp/cakephp/src/Routing/Dispatcher.php:87
[31-May-2016 20:49:24 UTC] PHP   4. Cake\Controller\Controller->invokeAction() /home/ubuntu/workspace/FEUCR/soft/vendor/cakephp/cakephp/src/Routing/Dispatcher.php:114
[31-May-2016 20:49:24 UTC] PHP   5. call_user_func_array:{/home/ubuntu/workspace/FEUCR/soft/vendor/cakephp/cakephp/src/Controller/Controller.php:429}() /home/ubuntu/workspace/FEUCR/soft/vendor/cakephp/cakephp/src/Controller/Controller.php:429
[31-May-2016 20:49:24 UTC] PHP   6. App\Controller\InitialAmountsController->add() /home/ubuntu/workspace/FEUCR/soft/vendor/cakephp/cakephp/src/Controller/Controller.php:429
[31-May-2016 20:49:24 UTC] PHP   7. App\Controller\InitialAmountsController->createInitialAmount() /home/ubuntu/workspace/FEUCR/soft/src/Controller/InitialAmountsController.php:52
[31-May-2016 20:49:24 UTC] PHP   8. Cake\ORM\Table->newEntity() /home/ubuntu/workspace/FEUCR/soft/src/Controller/InitialAmountsController.php:90
[31-May-2016 20:49:24 UTC] PHP   9. Cake\ORM\Marshaller->one() /home/ubuntu/workspace/FEUCR/soft/vendor/cakephp/cakephp/src/ORM/Table.php:1996
[31-May-2016 20:49:24 UTC] PHP  10. Cake\ORM\Marshaller->_prepareDataAndOptions() /home/ubuntu/workspace/FEUCR/soft/vendor/cakephp/cakephp/src/ORM/Marshaller.php:112
[31-May-2016 20:49:24 UTC] PHP  11. Cake\ORM\Table->dispatchEvent() /home/ubuntu/workspace/FEUCR/soft/vendor/cakephp/cakephp/src/ORM/Marshaller.php:214
[31-May-2016 20:49:24 UTC] PHP  12. Cake\Event\EventManager->dispatch() /home/ubuntu/workspace/FEUCR/soft/vendor/cakephp/cakephp/src/Event/EventDispatcherTrait.php:78
[31-May-2016 20:49:24 UTC] PHP  13. Cake\Event\EventManager->_callListener() /home/ubuntu/workspace/FEUCR/soft/vendor/cakephp/cakephp/src/Event/EventManager.php:356
[31-May-2016 20:49:24 UTC] PHP  14. App\Model\Table\InitialAmountsTable->beforeMarshal() /home/ubuntu/workspace/FEUCR/soft/vendor/cakephp/cakephp/src/Event/EventManager.php:390
[08-Jun-2016 00:26:17 UTC] PHP Fatal error:  Call to undefined function App\Controller\is() in /home/ubuntu/workspace/FEUCR/soft/src/Controller/SavingsController.php on line 15
[08-Jun-2016 00:26:17 UTC] PHP Stack trace:
[08-Jun-2016 00:26:17 UTC] PHP   1. {main}() /home/ubuntu/workspace/FEUCR/soft/webroot/index.php:0
[08-Jun-2016 00:26:17 UTC] PHP   2. Cake\Routing\Dispatcher->dispatch() /home/ubuntu/workspace/FEUCR/soft/webroot/index.php:37
[08-Jun-2016 00:26:17 UTC] PHP   3. Cake\Routing\Dispatcher->_invoke() /home/ubuntu/workspace/FEUCR/soft/vendor/cakephp/cakephp/src/Routing/Dispatcher.php:87
[08-Jun-2016 00:26:17 UTC] PHP   4. Cake\Controller\Controller->invokeAction() /home/ubuntu/workspace/FEUCR/soft/vendor/cakephp/cakephp/src/Routing/Dispatcher.php:114
[08-Jun-2016 00:26:17 UTC] PHP   5. call_user_func_array:{/home/ubuntu/workspace/FEUCR/soft/vendor/cakephp/cakephp/src/Controller/Controller.php:429}() /home/ubuntu/workspace/FEUCR/soft/vendor/cakephp/cakephp/src/Controller/Controller.php:429
[08-Jun-2016 00:26:17 UTC] PHP   6. App\Controller\SavingsController->add() /home/ubuntu/workspace/FEUCR/soft/vendor/cakephp/cakephp/src/Controller/Controller.php:429
[08-Jun-2016 00:26:31 UTC] PHP Parse error:  syntax error, unexpected 'echo' (T_ECHO) in /home/ubuntu/workspace/FEUCR/soft/src/Template/Savings/add.ctp on line 38
[08-Jun-2016 00:26:31 UTC] PHP Stack trace:
[08-Jun-2016 00:26:31 UTC] PHP   1. {main}() /home/ubuntu/workspace/FEUCR/soft/webroot/index.php:0
[08-Jun-2016 00:26:31 UTC] PHP   2. Cake\Routing\Dispatcher->dispatch() /home/ubuntu/workspace/FEUCR/soft/webroot/index.php:37
[08-Jun-2016 00:26:31 UTC] PHP   3. Cake\Routing\Dispatcher->_invoke() /home/ubuntu/workspace/FEUCR/soft/vendor/cakephp/cakephp/src/Routing/Dispatcher.php:87
[08-Jun-2016 00:26:31 UTC] PHP   4. Cake\Controller\Controller->render() /home/ubuntu/workspace/FEUCR/soft/vendor/cakephp/cakephp/src/Routing/Dispatcher.php:120
[08-Jun-2016 00:26:31 UTC] PHP   5. Cake\View\View->render() /home/ubuntu/workspace/FEUCR/soft/vendor/cakephp/cakephp/src/Controller/Controller.php:611
[08-Jun-2016 00:26:31 UTC] PHP   6. Cake\View\View->_render() /home/ubuntu/workspace/FEUCR/soft/vendor/cakephp/cakephp/src/View/View.php:587
[08-Jun-2016 00:26:31 UTC] PHP   7. Cake\View\View->_evaluate() /home/ubuntu/workspace/FEUCR/soft/vendor/cakephp/cakephp/src/View/View.php:952
[08-Jun-2016 00:27:03 UTC] PHP Parse error:  syntax error, unexpected 'echo' (T_ECHO) in /home/ubuntu/workspace/FEUCR/soft/src/Template/Savings/add.ctp on line 38
[08-Jun-2016 00:27:03 UTC] PHP Stack trace:
[08-Jun-2016 00:27:03 UTC] PHP   1. {main}() /home/ubuntu/workspace/FEUCR/soft/webroot/index.php:0
[08-Jun-2016 00:27:03 UTC] PHP   2. Cake\Routing\Dispatcher->dispatch() /home/ubuntu/workspace/FEUCR/soft/webroot/index.php:37
[08-Jun-2016 00:27:03 UTC] PHP   3. Cake\Routing\Dispatcher->_invoke() /home/ubuntu/workspace/FEUCR/soft/vendor/cakephp/cakephp/src/Routing/Dispatcher.php:87
[08-Jun-2016 00:27:03 UTC] PHP   4. Cake\Controller\Controller->render() /home/ubuntu/workspace/FEUCR/soft/vendor/cakephp/cakephp/src/Routing/Dispatcher.php:120
[08-Jun-2016 00:27:03 UTC] PHP   5. Cake\View\View->render() /home/ubuntu/workspace/FEUCR/soft/vendor/cakephp/cakephp/src/Controller/Controller.php:611
[08-Jun-2016 00:27:03 UTC] PHP   6. Cake\View\View->_render() /home/ubuntu/workspace/FEUCR/soft/vendor/cakephp/cakephp/src/View/View.php:587
[08-Jun-2016 00:27:03 UTC] PHP   7. Cake\View\View->_evaluate() /home/ubuntu/workspace/FEUCR/soft/vendor/cakephp/cakephp/src/View/View.php:952
[08-Jun-2016 00:41:10 UTC] PHP Parse error:  syntax error, unexpected '=', expecting '&' or variable (T_VARIABLE) in /home/ubuntu/workspace/FEUCR/soft/src/Controller/SavingsController.php on line 10
[08-Jun-2016 00:41:10 UTC] PHP Stack trace:
[08-Jun-2016 00:41:10 UTC] PHP   1. {main}() /home/ubuntu/workspace/FEUCR/soft/webroot/index.php:0
[08-Jun-2016 00:41:10 UTC] PHP   2. Cake\Routing\Dispatcher->dispatch() /home/ubuntu/workspace/FEUCR/soft/webroot/index.php:37
[08-Jun-2016 00:41:10 UTC] PHP   3. Cake\Routing\Dispatcher->dispatchEvent() /home/ubuntu/workspace/FEUCR/soft/vendor/cakephp/cakephp/src/Routing/Dispatcher.php:62
[08-Jun-2016 00:41:10 UTC] PHP   4. Cake\Event\EventManager->dispatch() /home/ubuntu/workspace/FEUCR/soft/vendor/cakephp/cakephp/src/Event/EventDispatcherTrait.php:78
[08-Jun-2016 00:41:10 UTC] PHP   5. Cake\Event\EventManager->_callListener() /home/ubuntu/workspace/FEUCR/soft/vendor/cakephp/cakephp/src/Event/EventManager.php:356
[08-Jun-2016 00:41:10 UTC] PHP   6. Cake\Routing\DispatcherFilter->handle() /home/ubuntu/workspace/FEUCR/soft/vendor/cakephp/cakephp/src/Event/EventManager.php:390
[08-Jun-2016 00:41:10 UTC] PHP   7. Cake\Routing\Filter\ControllerFactoryFilter->beforeDispatch() /home/ubuntu/workspace/FEUCR/soft/vendor/cakephp/cakephp/src/Routing/DispatcherFilter.php:145
[08-Jun-2016 00:41:10 UTC] PHP   8. Cake\Routing\Filter\ControllerFactoryFilter->_getController() /home/ubuntu/workspace/FEUCR/soft/vendor/cakephp/cakephp/src/Routing/Filter/ControllerFactoryFilter.php:51
[08-Jun-2016 00:41:10 UTC] PHP   9. Cake\Core\App::className() /home/ubuntu/workspace/FEUCR/soft/vendor/cakephp/cakephp/src/Routing/Filter/ControllerFactoryFilter.php:91
[08-Jun-2016 00:41:10 UTC] PHP  10. Cake\Core\App::_classExistsInBase() /home/ubuntu/workspace/FEUCR/soft/vendor/cakephp/cakephp/src/Core/App.php:64
[08-Jun-2016 00:41:10 UTC] PHP  11. class_exists() /home/ubuntu/workspace/FEUCR/soft/vendor/cakephp/cakephp/src/Core/App.php:151
[08-Jun-2016 00:41:10 UTC] PHP  12. spl_autoload_call() /home/ubuntu/workspace/FEUCR/soft/vendor/cakephp/cakephp/src/Core/App.php:151
[08-Jun-2016 00:41:10 UTC] PHP  13. Composer\Autoload\ClassLoader->loadClass() /home/ubuntu/workspace/FEUCR/soft/vendor/cakephp/cakephp/src/Core/App.php:151
[08-Jun-2016 00:41:10 UTC] PHP  14. Composer\Autoload\includeFile() /home/ubuntu/workspace/FEUCR/soft/vendor/composer/ClassLoader.php:301
[08-Jun-2016 00:41:24 UTC] PHP Parse error:  syntax error, unexpected '=>' (T_DOUBLE_ARROW) in /home/ubuntu/workspace/FEUCR/soft/src/Controller/SavingsController.php on line 27
[08-Jun-2016 00:41:24 UTC] PHP Stack trace:
[08-Jun-2016 00:41:24 UTC] PHP   1. {main}() /home/ubuntu/workspace/FEUCR/soft/webroot/index.php:0
[08-Jun-2016 00:41:24 UTC] PHP   2. Cake\Routing\Dispatcher->dispatch() /home/ubuntu/workspace/FEUCR/soft/webroot/index.php:37
[08-Jun-2016 00:41:24 UTC] PHP   3. Cake\Routing\Dispatcher->dispatchEvent() /home/ubuntu/workspace/FEUCR/soft/vendor/cakephp/cakephp/src/Routing/Dispatcher.php:62
[08-Jun-2016 00:41:24 UTC] PHP   4. Cake\Event\EventManager->dispatch() /home/ubuntu/workspace/FEUCR/soft/vendor/cakephp/cakephp/src/Event/EventDispatcherTrait.php:78
[08-Jun-2016 00:41:24 UTC] PHP   5. Cake\Event\EventManager->_callListener() /home/ubuntu/workspace/FEUCR/soft/vendor/cakephp/cakephp/src/Event/EventManager.php:356
[08-Jun-2016 00:41:24 UTC] PHP   6. Cake\Routing\DispatcherFilter->handle() /home/ubuntu/workspace/FEUCR/soft/vendor/cakephp/cakephp/src/Event/EventManager.php:390
[08-Jun-2016 00:41:24 UTC] PHP   7. Cake\Routing\Filter\ControllerFactoryFilter->beforeDispatch() /home/ubuntu/workspace/FEUCR/soft/vendor/cakephp/cakephp/src/Routing/DispatcherFilter.php:145
[08-Jun-2016 00:41:24 UTC] PHP   8. Cake\Routing\Filter\ControllerFactoryFilter->_getController() /home/ubuntu/workspace/FEUCR/soft/vendor/cakephp/cakephp/src/Routing/Filter/ControllerFactoryFilter.php:51
[08-Jun-2016 00:41:24 UTC] PHP   9. Cake\Core\App::className() /home/ubuntu/workspace/FEUCR/soft/vendor/cakephp/cakephp/src/Routing/Filter/ControllerFactoryFilter.php:91
[08-Jun-2016 00:41:24 UTC] PHP  10. Cake\Core\App::_classExistsInBase() /home/ubuntu/workspace/FEUCR/soft/vendor/cakephp/cakephp/src/Core/App.php:64
[08-Jun-2016 00:41:24 UTC] PHP  11. class_exists() /home/ubuntu/workspace/FEUCR/soft/vendor/cakephp/cakephp/src/Core/App.php:151
[08-Jun-2016 00:41:24 UTC] PHP  12. spl_autoload_call() /home/ubuntu/workspace/FEUCR/soft/vendor/cakephp/cakephp/src/Core/App.php:151
[08-Jun-2016 00:41:24 UTC] PHP  13. Composer\Autoload\ClassLoader->loadClass() /home/ubuntu/workspace/FEUCR/soft/vendor/cakephp/cakephp/src/Core/App.php:151
[08-Jun-2016 00:41:24 UTC] PHP  14. Composer\Autoload\includeFile() /home/ubuntu/workspace/FEUCR/soft/vendor/composer/ClassLoader.php:301
